This is pdfTeX, Version 3.141592653-2.6-1.40.24 (MiKTeX 22.3) (preloaded format=pdflatex 2022.5.10)  31 MAY 2022 10:04
entering extended mode
 restricted \write18 enabled.
 %&-line parsing enabled.
**./ADCpaper.tex
(ADCpaper.tex
LaTeX2e <2021-11-15> patch level 1
L3 programming layer <2022-04-29> (IEEEtran.cls
Document Class: IEEEtran 2015/08/26 V1.8b by Michael Shell
-- See the "IEEEtran_HOWTO" manual for usage information.
-- http://www.michaelshell.org/tex/ieeetran/
\@IEEEtrantmpdimenA=\dimen138
\@IEEEtrantmpdimenB=\dimen139
\@IEEEtrantmpdimenC=\dimen140
\@IEEEtrantmpcountA=\count185
\@IEEEtrantmpcountB=\count186
\@IEEEtrantmpcountC=\count187
\@IEEEtrantmptoksA=\toks16
LaTeX Font Info:    Trying to load font information for OT1+ptm on input line 5
03.
(D:\program files\MiKTeX 2.9\tex/latex/psnfss\ot1ptm.fd
File: ot1ptm.fd 2001/06/04 font definitions for OT1/ptm.
)
-- Using 8.5in x 11in (letter) paper.
-- Using PDF output.
\@IEEEnormalsizeunitybaselineskip=\dimen141
-- This is a 10 point document.
\CLASSINFOnormalsizebaselineskip=\dimen142
\CLASSINFOnormalsizeunitybaselineskip=\dimen143
\IEEEnormaljot=\dimen144
LaTeX Font Info:    Font shape `OT1/ptm/bx/n' in size <5> not available
(Font)              Font shape `OT1/ptm/b/n' tried instead on input line 1090.
LaTeX Font Info:    Font shape `OT1/ptm/bx/it' in size <5> not available
(Font)              Font shape `OT1/ptm/b/it' tried instead on input line 1090.

LaTeX Font Info:    Font shape `OT1/ptm/bx/n' in size <7> not available
(Font)              Font shape `OT1/ptm/b/n' tried instead on input line 1090.
LaTeX Font Info:    Font shape `OT1/ptm/bx/it' in size <7> not available
(Font)              Font shape `OT1/ptm/b/it' tried instead on input line 1090.

LaTeX Font Info:    Font shape `OT1/ptm/bx/n' in size <8> not available
(Font)              Font shape `OT1/ptm/b/n' tried instead on input line 1090.
LaTeX Font Info:    Font shape `OT1/ptm/bx/it' in size <8> not available
(Font)              Font shape `OT1/ptm/b/it' tried instead on input line 1090.

LaTeX Font Info:    Font shape `OT1/ptm/bx/n' in size <9> not available
(Font)              Font shape `OT1/ptm/b/n' tried instead on input line 1090.
LaTeX Font Info:    Font shape `OT1/ptm/bx/it' in size <9> not available
(Font)              Font shape `OT1/ptm/b/it' tried instead on input line 1090.

LaTeX Font Info:    Font shape `OT1/ptm/bx/n' in size <10> not available
(Font)              Font shape `OT1/ptm/b/n' tried instead on input line 1090.
LaTeX Font Info:    Font shape `OT1/ptm/bx/it' in size <10> not available
(Font)              Font shape `OT1/ptm/b/it' tried instead on input line 1090.

LaTeX Font Info:    Font shape `OT1/ptm/bx/n' in size <11> not available
(Font)              Font shape `OT1/ptm/b/n' tried instead on input line 1090.
LaTeX Font Info:    Font shape `OT1/ptm/bx/it' in size <11> not available
(Font)              Font shape `OT1/ptm/b/it' tried instead on input line 1090.

LaTeX Font Info:    Font shape `OT1/ptm/bx/n' in size <12> not available
(Font)              Font shape `OT1/ptm/b/n' tried instead on input line 1090.
LaTeX Font Info:    Font shape `OT1/ptm/bx/it' in size <12> not available
(Font)              Font shape `OT1/ptm/b/it' tried instead on input line 1090.

LaTeX Font Info:    Font shape `OT1/ptm/bx/n' in size <17> not available
(Font)              Font shape `OT1/ptm/b/n' tried instead on input line 1090.
LaTeX Font Info:    Font shape `OT1/ptm/bx/it' in size <17> not available
(Font)              Font shape `OT1/ptm/b/it' tried instead on input line 1090.

LaTeX Font Info:    Font shape `OT1/ptm/bx/n' in size <20> not available
(Font)              Font shape `OT1/ptm/b/n' tried instead on input line 1090.
LaTeX Font Info:    Font shape `OT1/ptm/bx/it' in size <20> not available
(Font)              Font shape `OT1/ptm/b/it' tried instead on input line 1090.

LaTeX Font Info:    Font shape `OT1/ptm/bx/n' in size <24> not available
(Font)              Font shape `OT1/ptm/b/n' tried instead on input line 1090.
LaTeX Font Info:    Font shape `OT1/ptm/bx/it' in size <24> not available
(Font)              Font shape `OT1/ptm/b/it' tried instead on input line 1090.

\IEEEquantizedlength=\dimen145
\IEEEquantizedlengthdiff=\dimen146
\IEEEquantizedtextheightdiff=\dimen147
\IEEEilabelindentA=\dimen148
\IEEEilabelindentB=\dimen149
\IEEEilabelindent=\dimen150
\IEEEelabelindent=\dimen151
\IEEEdlabelindent=\dimen152
\IEEElabelindent=\dimen153
\IEEEiednormlabelsep=\dimen154
\IEEEiedmathlabelsep=\dimen155
\IEEEiedtopsep=\skip47
\c@section=\count188
\c@subsection=\count189
\c@subsubsection=\count190
\c@paragraph=\count191
\c@IEEEsubequation=\count192
\abovecaptionskip=\skip48
\belowcaptionskip=\skip49
\c@figure=\count193
\c@table=\count194
\@IEEEeqnnumcols=\count195
\@IEEEeqncolcnt=\count196
\@IEEEsubeqnnumrollback=\count197
\@IEEEquantizeheightA=\dimen156
\@IEEEquantizeheightB=\dimen157
\@IEEEquantizeheightC=\dimen158
\@IEEEquantizeprevdepth=\dimen159
\@IEEEquantizemultiple=\count198
\@IEEEquantizeboxA=\box50
\@IEEEtmpitemindent=\dimen160
\IEEEPARstartletwidth=\dimen161
\c@IEEEbiography=\count199
\@IEEEtranrubishbin=\box51
)
** ATTENTION: Overriding command lockouts (line 2).
(D:\program files\MiKTeX 2.9\tex/latex/cite\cite.sty
LaTeX Info: Redefining \cite on input line 302.
LaTeX Info: Redefining \nocite on input line 332.
Package: cite 2015/02/27  v 5.5
)
(D:\program files\MiKTeX 2.9\tex/latex/amsmath\amsmath.sty
Package: amsmath 2021/10/15 v2.17l AMS math features
\@mathmargin=\skip50

For additional information on amsmath, use the `?' option.
(D:\program files\MiKTeX 2.9\tex/latex/amsmath\amstext.sty
Package: amstext 2021/08/26 v2.01 AMS text

(D:\program files\MiKTeX 2.9\tex/latex/amsmath\amsgen.sty
File: amsgen.sty 1999/11/30 v2.0 generic functions
\@emptytoks=\toks17
\ex@=\dimen162
))
(D:\program files\MiKTeX 2.9\tex/latex/amsmath\amsbsy.sty
Package: amsbsy 1999/11/29 v1.2d Bold Symbols
\pmbraise@=\dimen163
)
(D:\program files\MiKTeX 2.9\tex/latex/amsmath\amsopn.sty
Package: amsopn 2021/08/26 v2.02 operator names
)
\inf@bad=\count266
LaTeX Info: Redefining \frac on input line 234.
\uproot@=\count267
\leftroot@=\count268
LaTeX Info: Redefining \overline on input line 399.
\classnum@=\count269
\DOTSCASE@=\count270
LaTeX Info: Redefining \ldots on input line 496.
LaTeX Info: Redefining \dots on input line 499.
LaTeX Info: Redefining \cdots on input line 620.
\Mathstrutbox@=\box52
\strutbox@=\box53
\big@size=\dimen164
LaTeX Font Info:    Redeclaring font encoding OML on input line 743.
LaTeX Font Info:    Redeclaring font encoding OMS on input line 744.
\macc@depth=\count271
\c@MaxMatrixCols=\count272
\dotsspace@=\muskip16
\c@parentequation=\count273
\dspbrk@lvl=\count274
\tag@help=\toks18
\row@=\count275
\column@=\count276
\maxfields@=\count277
\andhelp@=\toks19
\eqnshift@=\dimen165
\alignsep@=\dimen166
\tagshift@=\dimen167
\tagwidth@=\dimen168
\totwidth@=\dimen169
\lineht@=\dimen170
\@envbody=\toks20
\multlinegap=\skip51
\multlinetaggap=\skip52
\mathdisplay@stack=\toks21
LaTeX Info: Redefining \[ on input line 2938.
LaTeX Info: Redefining \] on input line 2939.
)
(D:\program files\MiKTeX 2.9\tex/latex/amsfonts\amssymb.sty
Package: amssymb 2013/01/14 v3.01 AMS font symbols

(D:\program files\MiKTeX 2.9\tex/latex/amsfonts\amsfonts.sty
Package: amsfonts 2013/01/14 v3.01 Basic AMSFonts support
\symAMSa=\mathgroup4
\symAMSb=\mathgroup5
LaTeX Font Info:    Redeclaring math symbol \hbar on input line 98.
LaTeX Font Info:    Overwriting math alphabet `\mathfrak' in version `bold'
(Font)                  U/euf/m/n --> U/euf/b/n on input line 106.
))
(D:\program files\MiKTeX 2.9\tex/latex/algorithms\algorithmic.sty
Package: algorithmic 2009/08/24 v0.1 Document Style `algorithmic'

(D:\program files\MiKTeX 2.9\tex/latex/base\ifthen.sty
Package: ifthen 2020/11/24 v1.1c Standard LaTeX ifthen package (DPC)
)
(D:\program files\MiKTeX 2.9\tex/latex/graphics\keyval.sty
Package: keyval 2014/10/28 v1.15 key=value parser (DPC)
\KV@toks@=\toks22
)
\c@ALC@unique=\count278
\c@ALC@line=\count279
\c@ALC@rem=\count280
\c@ALC@depth=\count281
\ALC@tlm=\skip53
\algorithmicindent=\skip54
)
(D:\program files\MiKTeX 2.9\tex/latex/graphics\graphicx.sty
Package: graphicx 2021/09/16 v1.2d Enhanced LaTeX Graphics (DPC,SPQR)

(D:\program files\MiKTeX 2.9\tex/latex/graphics\graphics.sty
Package: graphics 2021/03/04 v1.4d Standard LaTeX Graphics (DPC,SPQR)

(D:\program files\MiKTeX 2.9\tex/latex/graphics\trig.sty
Package: trig 2021/08/11 v1.11 sin cos tan (DPC)
)
(D:\program files\MiKTeX 2.9\tex/latex/graphics-cfg\graphics.cfg
File: graphics.cfg 2016/06/04 v1.11 sample graphics configuration
)
Package graphics Info: Driver file: pdftex.def on input line 107.

(D:\program files\MiKTeX 2.9\tex/latex/graphics-def\pdftex.def
File: pdftex.def 2020/10/05 v1.2a Graphics/color driver for pdftex
))
\Gin@req@height=\dimen171
\Gin@req@width=\dimen172
)
(D:\program files\MiKTeX 2.9\tex/latex/base\textcomp.sty
Package: textcomp 2020/02/02 v2.0n Standard LaTeX package
)
(D:\program files\MiKTeX 2.9\tex/latex/xcolor\xcolor.sty
Package: xcolor 2021/10/31 v2.13 LaTeX color extensions (UK)

(D:\program files\MiKTeX 2.9\tex/latex/graphics-cfg\color.cfg
File: color.cfg 2016/01/02 v1.6 sample color configuration
)
Package xcolor Info: Driver file: pdftex.def on input line 227.
Package xcolor Info: Model `cmy' substituted by `cmy0' on input line 1352.
Package xcolor Info: Model `hsb' substituted by `rgb' on input line 1356.
Package xcolor Info: Model `RGB' extended on input line 1368.
Package xcolor Info: Model `HTML' substituted by `rgb' on input line 1370.
Package xcolor Info: Model `Hsb' substituted by `hsb' on input line 1371.
Package xcolor Info: Model `tHsb' substituted by `hsb' on input line 1372.
Package xcolor Info: Model `HSB' substituted by `hsb' on input line 1373.
Package xcolor Info: Model `Gray' substituted by `gray' on input line 1374.
Package xcolor Info: Model `wave' substituted by `hsb' on input line 1375.
)
(D:\program files\MiKTeX 2.9\tex/latex/tools\hhline.sty
Package: hhline 2020/01/04 v2.04 Table rule package (DPC)
)
(D:\program files\MiKTeX 2.9\tex/latex/l3backend\l3backend-pdftex.def
File: l3backend-pdftex.def 2022-04-20 L3 backend support: PDF output (pdfTeX)
\l__color_backend_stack_int=\count282
\l__pdf_internal_box=\box54
)
(ADCpaper.aux)
\openout1 = `ADCpaper.aux'.

LaTeX Font Info:    Checking defaults for OML/cmm/m/it on input line 13.
LaTeX Font Info:    ... okay on input line 13.
LaTeX Font Info:    Checking defaults for OMS/cmsy/m/n on input line 13.
LaTeX Font Info:    ... okay on input line 13.
LaTeX Font Info:    Checking defaults for OT1/cmr/m/n on input line 13.
LaTeX Font Info:    ... okay on input line 13.
LaTeX Font Info:    Checking defaults for T1/cmr/m/n on input line 13.
LaTeX Font Info:    ... okay on input line 13.
LaTeX Font Info:    Checking defaults for TS1/cmr/m/n on input line 13.
LaTeX Font Info:    ... okay on input line 13.
LaTeX Font Info:    Checking defaults for OMX/cmex/m/n on input line 13.
LaTeX Font Info:    ... okay on input line 13.
LaTeX Font Info:    Checking defaults for U/cmr/m/n on input line 13.
LaTeX Font Info:    ... okay on input line 13.

-- Lines per column: 56 (exact).
(D:\program files\MiKTeX 2.9\tex/context/base/mkii\supp-pdf.mkii
[Loading MPS to PDF converter (version 2006.09.02).]
\scratchcounter=\count283
\scratchdimen=\dimen173
\scratchbox=\box55
\nofMPsegments=\count284
\nofMParguments=\count285
\everyMPshowfont=\toks23
\MPscratchCnt=\count286
\MPscratchDim=\dimen174
\MPnumerator=\count287
\makeMPintoPDFobject=\count288
\everyMPtoPDFconversion=\toks24
) (D:\program files\MiKTeX 2.9\tex/latex/epstopdf-pkg\epstopdf-base.sty
Package: epstopdf-base 2020-01-24 v2.11 Base part for package epstopdf
Package epstopdf-base Info: Redefining graphics rule for `.eps' on input line 4
85.

(D:\program files\MiKTeX 2.9\tex/latex/00miktex\epstopdf-sys.cfg
File: epstopdf-sys.cfg 2021/03/18 v2.0 Configuration of epstopdf for MiKTeX
))
LaTeX Font Info:    Calculating math sizes for size <11> on input line 55.
LaTeX Font Info:    Trying to load font information for U+msa on input line 55.


(D:\program files\MiKTeX 2.9\tex/latex/amsfonts\umsa.fd
File: umsa.fd 2013/01/14 v3.01 AMS symbols A
)
LaTeX Font Info:    Trying to load font information for U+msb on input line 55.


(D:\program files\MiKTeX 2.9\tex/latex/amsfonts\umsb.fd
File: umsb.fd 2013/01/14 v3.01 AMS symbols B
)

LaTeX Warning: Citation `Ternary Weight Networks' on page 1 undefined on input 
line 82.

[1{C:/Users/lwzz0/AppData/Local/MiKTeX/2.9/fonts/map/pdftex/pdftex.map}


]
Package epstopdf Info: Source file: <./Figures/SSADC.eps>
(epstopdf)                    date: 2022-05-16 11:51:47
(epstopdf)                    size: 516429 bytes
(epstopdf)             Output file: <./Figures/SSADC-eps-converted-to.pdf>
(epstopdf)                    date: 2022-05-24 15:38:07
(epstopdf)                    size: 38439 bytes
(epstopdf)             Command: <miktex-epstopdf --outfile=./Figures/SSADC-eps-
converted-to.pdf ./Figures/SSADC.eps>
(epstopdf)             \includegraphics on input line 130.
Package epstopdf Info: Output file is already uptodate.


pdfTeX warning: pdflatex.exe (file ./Figures/SSADC-eps-converted-to.pdf): PDF i
nclusion: found PDF version <1.7>, but at most version <1.5> allowed
<./Figures/SSADC-eps-converted-to.pdf, id=9, 753.81625pt x 637.38126pt>
File: ./Figures/SSADC-eps-converted-to.pdf Graphic file (type pdf)
<use ./Figures/SSADC-eps-converted-to.pdf>
Package pdftex.def Info: ./Figures/SSADC-eps-converted-to.pdf  used on input li
ne 130.
(pdftex.def)             Requested size: 252.94499pt x 213.86687pt.
Package epstopdf Info: Source file: <./Figures/SSWAVE.eps>
(epstopdf)                    date: 2022-05-31 00:56:58
(epstopdf)                    size: 570742 bytes
(epstopdf)             Output file: <./Figures/SSWAVE-eps-converted-to.pdf>
(epstopdf)                    date: 2022-05-31 00:57:30
(epstopdf)                    size: 68138 bytes
(epstopdf)             Command: <miktex-epstopdf --outfile=./Figures/SSWAVE-eps
-converted-to.pdf ./Figures/SSWAVE.eps>
(epstopdf)             \includegraphics on input line 136.
Package epstopdf Info: Output file is already uptodate.


pdfTeX warning: pdflatex.exe (file ./Figures/SSWAVE-eps-converted-to.pdf): PDF 
inclusion: found PDF version <1.7>, but at most version <1.5> allowed
<./Figures/SSWAVE-eps-converted-to.pdf, id=10, 1130.2225pt x 558.085pt>
File: ./Figures/SSWAVE-eps-converted-to.pdf Graphic file (type pdf)
<use ./Figures/SSWAVE-eps-converted-to.pdf>
Package pdftex.def Info: ./Figures/SSWAVE-eps-converted-to.pdf  used on input l
ine 136.
(pdftex.def)             Requested size: 252.94499pt x 124.89948pt.
Package epstopdf Info: Source file: <./Figures/CDS.eps>
(epstopdf)                    date: 2022-05-24 11:33:38
(epstopdf)                    size: 476651 bytes
(epstopdf)             Output file: <./Figures/CDS-eps-converted-to.pdf>
(epstopdf)                    date: 2022-05-24 15:38:10
(epstopdf)                    size: 31376 bytes
(epstopdf)             Command: <miktex-epstopdf --outfile=./Figures/CDS-eps-co
nverted-to.pdf ./Figures/CDS.eps>
(epstopdf)             \includegraphics on input line 154.
Package epstopdf Info: Output file is already uptodate.


pdfTeX warning: pdflatex.exe (file ./Figures/CDS-eps-converted-to.pdf): PDF inc
lusion: found PDF version <1.7>, but at most version <1.5> allowed
<./Figures/CDS-eps-converted-to.pdf, id=11, 415.5525pt x 248.93pt>
File: ./Figures/CDS-eps-converted-to.pdf Graphic file (type pdf)
<use ./Figures/CDS-eps-converted-to.pdf>
Package pdftex.def Info: ./Figures/CDS-eps-converted-to.pdf  used on input line
 154.
(pdftex.def)             Requested size: 180.67499pt x 108.23048pt.
[2 <./Figures/SSADC-eps-converted-to.pdf> <./Figures/SSWAVE-eps-converted-to.pd
f> <./Figures/CDS-eps-converted-to.pdf>]
Package epstopdf Info: Source file: <./Figures/RAMP.eps>
(epstopdf)                    date: 2022-05-16 10:07:42
(epstopdf)                    size: 357650 bytes
(epstopdf)             Output file: <./Figures/RAMP-eps-converted-to.pdf>
(epstopdf)                    date: 2022-05-24 15:38:12
(epstopdf)                    size: 24980 bytes
(epstopdf)             Command: <miktex-epstopdf --outfile=./Figures/RAMP-eps-c
onverted-to.pdf ./Figures/RAMP.eps>
(epstopdf)             \includegraphics on input line 180.
Package epstopdf Info: Output file is already uptodate.


pdfTeX warning: pdflatex.exe (file ./Figures/RAMP-eps-converted-to.pdf): PDF in
clusion: found PDF version <1.7>, but at most version <1.5> allowed
<./Figures/RAMP-eps-converted-to.pdf, id=68, 667.49374pt x 377.41pt>
File: ./Figures/RAMP-eps-converted-to.pdf Graphic file (type pdf)
<use ./Figures/RAMP-eps-converted-to.pdf>
Package pdftex.def Info: ./Figures/RAMP-eps-converted-to.pdf  used on input lin
e 180.
(pdftex.def)             Requested size: 252.94499pt x 143.01993pt.
Package epstopdf Info: Source file: <./Figures/COM.eps>
(epstopdf)                    date: 2022-05-16 10:27:22
(epstopdf)                    size: 480157 bytes
(epstopdf)             Output file: <./Figures/COM-eps-converted-to.pdf>
(epstopdf)                    date: 2022-05-24 15:38:14
(epstopdf)                    size: 31923 bytes
(epstopdf)             Command: <miktex-epstopdf --outfile=./Figures/COM-eps-co
nverted-to.pdf ./Figures/COM.eps>
(epstopdf)             \includegraphics on input line 198.
Package epstopdf Info: Output file is already uptodate.


pdfTeX warning: pdflatex.exe (file ./Figures/COM-eps-converted-to.pdf): PDF inc
lusion: found PDF version <1.7>, but at most version <1.5> allowed
<./Figures/COM-eps-converted-to.pdf, id=69, 669.50125pt x 288.07625pt>
File: ./Figures/COM-eps-converted-to.pdf Graphic file (type pdf)
<use ./Figures/COM-eps-converted-to.pdf>
Package pdftex.def Info: ./Figures/COM-eps-converted-to.pdf  used on input line
 198.
(pdftex.def)             Requested size: 252.94499pt x 108.83713pt.
Package epstopdf Info: Source file: <./Figures/SAR.eps>
(epstopdf)                    date: 2022-05-16 11:38:01
(epstopdf)                    size: 369432 bytes
(epstopdf)             Output file: <./Figures/SAR-eps-converted-to.pdf>
(epstopdf)                    date: 2022-05-24 15:38:15
(epstopdf)                    size: 24543 bytes
(epstopdf)             Command: <miktex-epstopdf --outfile=./Figures/SAR-eps-co
nverted-to.pdf ./Figures/SAR.eps>
(epstopdf)             \includegraphics on input line 234.
Package epstopdf Info: Output file is already uptodate.


pdfTeX warning: pdflatex.exe (file ./Figures/SAR-eps-converted-to.pdf): PDF inc
lusion: found PDF version <1.7>, but at most version <1.5> allowed
<./Figures/SAR-eps-converted-to.pdf, id=70, 632.3625pt x 341.275pt>
File: ./Figures/SAR-eps-converted-to.pdf Graphic file (type pdf)
<use ./Figures/SAR-eps-converted-to.pdf>
Package pdftex.def Info: ./Figures/SAR-eps-converted-to.pdf  used on input line
 234.
(pdftex.def)             Requested size: 252.94499pt x 136.50757pt.
Package epstopdf Info: Source file: <./Figures/RRAMP.eps>
(epstopdf)                    date: 2022-05-28 12:25:24
(epstopdf)                    size: 357983 bytes
(epstopdf)             Output file: <./Figures/RRAMP-eps-converted-to.pdf>
(epstopdf)                    date: 2022-05-28 12:26:03
(epstopdf)                    size: 24532 bytes
(epstopdf)             Command: <miktex-epstopdf --outfile=./Figures/RRAMP-eps-
converted-to.pdf ./Figures/RRAMP.eps>
(epstopdf)             \includegraphics on input line 240.
Package epstopdf Info: Output file is already uptodate.


pdfTeX warning: pdflatex.exe (file ./Figures/RRAMP-eps-converted-to.pdf): PDF i
nclusion: found PDF version <1.7>, but at most version <1.5> allowed
<./Figures/RRAMP-eps-converted-to.pdf, id=71, 552.0625pt x 355.3275pt>
File: ./Figures/RRAMP-eps-converted-to.pdf Graphic file (type pdf)
<use ./Figures/RRAMP-eps-converted-to.pdf>
Package pdftex.def Info: ./Figures/RRAMP-eps-converted-to.pdf  used on input li
ne 240.
(pdftex.def)             Requested size: 252.94499pt x 162.80742pt.
[3 <./Figures/RAMP-eps-converted-to.pdf> <./Figures/COM-eps-converted-to.pdf> <
./Figures/SAR-eps-converted-to.pdf>]
Package epstopdf Info: Source file: <./Figures/SARWAVE.eps>
(epstopdf)                    date: 2022-05-31 00:56:17
(epstopdf)                    size: 551042 bytes
(epstopdf)             Output file: <./Figures/SARWAVE-eps-converted-to.pdf>
(epstopdf)                    date: 2022-05-31 00:57:32
(epstopdf)                    size: 68042 bytes
(epstopdf)             Command: <miktex-epstopdf --outfile=./Figures/SARWAVE-ep
s-converted-to.pdf ./Figures/SARWAVE.eps>
(epstopdf)             \includegraphics on input line 266.
Package epstopdf Info: Output file is already uptodate.


pdfTeX warning: pdflatex.exe (file ./Figures/SARWAVE-eps-converted-to.pdf): PDF
 inclusion: found PDF version <1.7>, but at most version <1.5> allowed
<./Figures/SARWAVE-eps-converted-to.pdf, id=115, 1118.1775pt x 577.15625pt>
File: ./Figures/SARWAVE-eps-converted-to.pdf Graphic file (type pdf)
<use ./Figures/SARWAVE-eps-converted-to.pdf>
Package pdftex.def Info: ./Figures/SARWAVE-eps-converted-to.pdf  used on input 
line 266.
(pdftex.def)             Requested size: 252.94499pt x 130.55908pt.
Package epstopdf Info: Source file: <./Figures/LATCH.eps>
(epstopdf)                    date: 2022-05-16 19:40:19
(epstopdf)                    size: 487793 bytes
(epstopdf)             Output file: <./Figures/LATCH-eps-converted-to.pdf>
(epstopdf)                    date: 2022-05-24 15:38:18
(epstopdf)                    size: 34799 bytes
(epstopdf)             Command: <miktex-epstopdf --outfile=./Figures/LATCH-eps-
converted-to.pdf ./Figures/LATCH.eps>
(epstopdf)             \includegraphics on input line 275.
Package epstopdf Info: Output file is already uptodate.


pdfTeX warning: pdflatex.exe (file ./Figures/LATCH-eps-converted-to.pdf): PDF i
nclusion: found PDF version <1.7>, but at most version <1.5> allowed
<./Figures/LATCH-eps-converted-to.pdf, id=116, 1005.7575pt x 301.125pt>
File: ./Figures/LATCH-eps-converted-to.pdf Graphic file (type pdf)
<use ./Figures/LATCH-eps-converted-to.pdf>
Package pdftex.def Info: ./Figures/LATCH-eps-converted-to.pdf  used on input li
ne 275.
(pdftex.def)             Requested size: 252.94499pt x 75.73134pt.
Package epstopdf Info: Source file: <./Figures/SS_pg.eps>
(epstopdf)                    date: 2022-05-30 14:19:49
(epstopdf)                    size: 1057610 bytes
(epstopdf)             Output file: <./Figures/SS_pg-eps-converted-to.pdf>
(epstopdf)                    date: 2022-05-30 14:25:04
(epstopdf)                    size: 44422 bytes
(epstopdf)             Command: <miktex-epstopdf --outfile=./Figures/SS_pg-eps-
converted-to.pdf ./Figures/SS_pg.eps>
(epstopdf)             \includegraphics on input line 309.
Package epstopdf Info: Output file is already uptodate.


pdfTeX warning: pdflatex.exe (file ./Figures/SS_pg-eps-converted-to.pdf): PDF i
nclusion: found PDF version <1.7>, but at most version <1.5> allowed
<./Figures/SS_pg-eps-converted-to.pdf, id=117, 803.0pt x 429.605pt>
File: ./Figures/SS_pg-eps-converted-to.pdf Graphic file (type pdf)
<use ./Figures/SS_pg-eps-converted-to.pdf>
Package pdftex.def Info: ./Figures/SS_pg-eps-converted-to.pdf  used on input li
ne 309.
(pdftex.def)             Requested size: 252.94499pt x 135.32628pt.
[4 <./Figures/RRAMP-eps-converted-to.pdf> <./Figures/SARWAVE-eps-converted-to.p
df> <./Figures/LATCH-eps-converted-to.pdf>]
Package epstopdf Info: Source file: <./Figures/SAR_pg.eps>
(epstopdf)                    date: 2022-05-30 14:23:29
(epstopdf)                    size: 753296 bytes
(epstopdf)             Output file: <./Figures/SAR_pg-eps-converted-to.pdf>
(epstopdf)                    date: 2022-05-30 14:25:06
(epstopdf)                    size: 38369 bytes
(epstopdf)             Command: <miktex-epstopdf --outfile=./Figures/SAR_pg-eps
-converted-to.pdf ./Figures/SAR_pg.eps>
(epstopdf)             \includegraphics on input line 327.
Package epstopdf Info: Output file is already uptodate.


pdfTeX warning: pdflatex.exe (file ./Figures/SAR_pg-eps-converted-to.pdf): PDF 
inclusion: found PDF version <1.7>, but at most version <1.5> allowed
<./Figures/SAR_pg-eps-converted-to.pdf, id=165, 825.0825pt x 407.5225pt>
File: ./Figures/SAR_pg-eps-converted-to.pdf Graphic file (type pdf)
<use ./Figures/SAR_pg-eps-converted-to.pdf>
Package pdftex.def Info: ./Figures/SAR_pg-eps-converted-to.pdf  used on input l
ine 327.
(pdftex.def)             Requested size: 252.94499pt x 124.93155pt.
LaTeX Font Info:    Trying to load font information for TS1+ptm on input line 3
41.
(D:\program files\MiKTeX 2.9\tex/latex/psnfss\ts1ptm.fd
File: ts1ptm.fd 2001/06/04 font definitions for TS1/ptm.
)
Package epstopdf Info: Source file: <./Figures/SSResults1.eps>
(epstopdf)                    date: 2022-05-30 13:11:35
(epstopdf)                    size: 988912 bytes
(epstopdf)             Output file: <./Figures/SSResults1-eps-converted-to.pdf>

(epstopdf)                    date: 2022-05-30 13:24:03
(epstopdf)                    size: 97862 bytes
(epstopdf)             Command: <miktex-epstopdf --outfile=./Figures/SSResults1
-eps-converted-to.pdf ./Figures/SSResults1.eps>
(epstopdf)             \includegraphics on input line 389.
Package epstopdf Info: Output file is already uptodate.


pdfTeX warning: pdflatex.exe (file ./Figures/SSResults1-eps-converted-to.pdf): 
PDF inclusion: found PDF version <1.7>, but at most version <1.5> allowed
<./Figures/SSResults1-eps-converted-to.pdf, id=166, 325.215pt x 152.57pt>
File: ./Figures/SSResults1-eps-converted-to.pdf Graphic file (type pdf)
<use ./Figures/SSResults1-eps-converted-to.pdf>
Package pdftex.def Info: ./Figures/SSResults1-eps-converted-to.pdf  used on inp
ut line 389.
(pdftex.def)             Requested size: 252.94499pt x 118.66888pt.
Package epstopdf Info: Source file: <./Figures/SSResults2.eps>
(epstopdf)                    date: 2022-05-30 13:13:08
(epstopdf)                    size: 537704 bytes
(epstopdf)             Output file: <./Figures/SSResults2-eps-converted-to.pdf>

(epstopdf)                    date: 2022-05-30 13:24:04
(epstopdf)                    size: 62024 bytes
(epstopdf)             Command: <miktex-epstopdf --outfile=./Figures/SSResults2
-eps-converted-to.pdf ./Figures/SSResults2.eps>
(epstopdf)             \includegraphics on input line 395.
Package epstopdf Info: Output file is already uptodate.


pdfTeX warning: pdflatex.exe (file ./Figures/SSResults2-eps-converted-to.pdf): 
PDF inclusion: found PDF version <1.7>, but at most version <1.5> allowed
<./Figures/SSResults2-eps-converted-to.pdf, id=167, 1099.10625pt x 556.0775pt>
File: ./Figures/SSResults2-eps-converted-to.pdf Graphic file (type pdf)
<use ./Figures/SSResults2-eps-converted-to.pdf>
Package pdftex.def Info: ./Figures/SSResults2-eps-converted-to.pdf  used on inp
ut line 395.
(pdftex.def)             Requested size: 252.94499pt x 127.9715pt.
[5 <./Figures/SS_pg-eps-converted-to.pdf> <./Figures/SAR_pg-eps-converted-to.pd
f> <./Figures/SSResults1-eps-converted-to.pdf>]
Package epstopdf Info: Source file: <./Figures/SARResults1.eps>
(epstopdf)                    date: 2022-05-30 13:07:55
(epstopdf)                    size: 990847 bytes
(epstopdf)             Output file: <./Figures/SARResults1-eps-converted-to.pdf
>
(epstopdf)                    date: 2022-05-30 13:24:07
(epstopdf)                    size: 100600 bytes
(epstopdf)             Command: <miktex-epstopdf --outfile=./Figures/SARResults
1-eps-converted-to.pdf ./Figures/SARResults1.eps>
(epstopdf)             \includegraphics on input line 449.
Package epstopdf Info: Output file is already uptodate.


pdfTeX warning: pdflatex.exe (file ./Figures/SARResults1-eps-converted-to.pdf):
 PDF inclusion: found PDF version <1.7>, but at most version <1.5> allowed
<./Figures/SARResults1-eps-converted-to.pdf, id=257, 326.21875pt x 157.58875pt>

File: ./Figures/SARResults1-eps-converted-to.pdf Graphic file (type pdf)
<use ./Figures/SARResults1-eps-converted-to.pdf>
Package pdftex.def Info: ./Figures/SARResults1-eps-converted-to.pdf  used on in
put line 449.
(pdftex.def)             Requested size: 252.94499pt x 122.19733pt.
Package epstopdf Info: Source file: <./Figures/SARResults2.eps>
(epstopdf)                    date: 2022-05-30 13:10:15
(epstopdf)                    size: 504485 bytes
(epstopdf)             Output file: <./Figures/SARResults2-eps-converted-to.pdf
>
(epstopdf)                    date: 2022-05-30 13:24:09
(epstopdf)                    size: 57465 bytes
(epstopdf)             Command: <miktex-epstopdf --outfile=./Figures/SARResults
2-eps-converted-to.pdf ./Figures/SARResults2.eps>
(epstopdf)             \includegraphics on input line 455.
Package epstopdf Info: Output file is already uptodate.


pdfTeX warning: pdflatex.exe (file ./Figures/SARResults2-eps-converted-to.pdf):
 PDF inclusion: found PDF version <1.7>, but at most version <1.5> allowed
<./Figures/SARResults2-eps-converted-to.pdf, id=258, 1095.09125pt x 538.01pt>
File: ./Figures/SARResults2-eps-converted-to.pdf Graphic file (type pdf)
<use ./Figures/SARResults2-eps-converted-to.pdf>
Package pdftex.def Info: ./Figures/SARResults2-eps-converted-to.pdf  used on in
put line 455.
(pdftex.def)             Requested size: 252.94499pt x 124.26509pt.
(ADCpaper.bbl [6 <./Figures/SSResults2-eps-converted-to.pdf> <./Figures/SARResu
lts1-eps-converted-to.pdf> <./Figures/SARResults2-eps-converted-to.pdf>]
LaTeX Font Info:    Trying to load font information for OMS+ptm on input line 8
4.

(D:\program files\MiKTeX 2.9\tex/latex/psnfss\omsptm.fd
File: omsptm.fd 
)
LaTeX Font Info:    Font shape `OMS/ptm/m/n' in size <8> not available
(Font)              Font shape `OMS/cmsy/m/n' tried instead on input line 84.
)

** Conference Paper **
Before submitting the final camera ready copy, remember to:

 1. Manually equalize the lengths of two columns on the last page
 of your paper;

 2. Ensure that any PostScript and/or PDF output post-processing
 uses only Type 1 fonts and that every step in the generation
 process uses the appropriate paper size.

[7

] (ADCpaper.aux)

LaTeX Warning: There were undefined references.

 ) 
Here is how much of TeX's memory you used:
 4425 strings out of 478681
 71223 string characters out of 2853215
 372446 words of memory out of 3000000
 22445 multiletter control sequences out of 15000+600000
 515680 words of font info for 120 fonts, out of 8000000 for 9000
 1141 hyphenation exceptions out of 8191
 55i,13n,62p,392b,345s stack positions out of 10000i,1000n,20000p,200000b,80000s
{D:/program files/MiKTeX 2.9/fonts/enc/dvips/base/8r.enc}<D:/program files/Mi
KTeX 2.9/fonts/type1/public/amsfonts/cm/cmex10.pfb><D:/program files/MiKTeX 2.9
/fonts/type1/public/amsfonts/cm/cmmi10.pfb><D:/program files/MiKTeX 2.9/fonts/t
ype1/public/amsfonts/cm/cmmi7.pfb><D:/program files/MiKTeX 2.9/fonts/type1/publ
ic/amsfonts/cm/cmmi8.pfb><D:/program files/MiKTeX 2.9/fonts/type1/public/amsfon
ts/cm/cmr10.pfb><D:/program files/MiKTeX 2.9/fonts/type1/public/amsfonts/cm/cmr
6.pfb><D:/program files/MiKTeX 2.9/fonts/type1/public/amsfonts/cm/cmr7.pfb><D:/
program files/MiKTeX 2.9/fonts/type1/public/amsfonts/cm/cmr8.pfb><D:/program fi
les/MiKTeX 2.9/fonts/type1/public/amsfonts/cm/cmsy10.pfb><D:/program files/MiKT
eX 2.9/fonts/type1/public/amsfonts/cm/cmsy7.pfb><D:/program files/MiKTeX 2.9/fo
nts/type1/public/amsfonts/cm/cmsy8.pfb><D:/program files/MiKTeX 2.9/fonts/type1
/urw/times/utmb8a.pfb><D:/program files/MiKTeX 2.9/fonts/type1/urw/times/utmbi8
a.pfb><D:/program files/MiKTeX 2.9/fonts/type1/urw/times/utmr8a.pfb><D:/program
 files/MiKTeX 2.9/fonts/type1/urw/times/utmri8a.pfb>
Output written on ADCpaper.pdf (7 pages, 923512 bytes).
PDF statistics:
 399 PDF objects out of 1000 (max. 8388607)
 0 named destinations out of 1000 (max. 500000)
 76 words of extra memory for PDF output out of 10000 (max. 10000000)

